<?xml version="1.0" encoding="UTF-8"?>
<!-- Generated by org.testng.reporters.JUnitXMLReporter -->
<testsuite hostname="OZBEKs-iMac.home" ignored="0" name="Login tests" tests="2" failures="0" timestamp="10 Dec 2018 02:57:26 GMT" time="8.437" errors="0">
  <testcase name="positiveloginTest" time="0.974" classname="com.curahealthecareTestNG.Tests.login.LoginTests"/>
  <testcase name="invalidUsernameTest" time="0.839" classname="com.curahealthecareTestNG.Tests.login.LoginTests"/>
</testsuite> <!-- Login tests -->
