<?xml version="1.0" encoding="UTF-8"?>
<!-- Generated by org.testng.reporters.JUnitXMLReporter -->
<testsuite hostname="OZBEKs-iMac.home" ignored="0" name="Default test" tests="2" failures="0" timestamp="10 Dec 2018 03:13:14 GMT" time="8.15" errors="0">
  <testcase name="positiveloginTest" time="0.985" classname="com.curahealthecareTestNG.Tests.login.LoginTests"/>
  <testcase name="invalidUsernameTest" time="0.856" classname="com.curahealthecareTestNG.Tests.login.LoginTests"/>
</testsuite> <!-- Default test -->
