<?xml version="1.0" encoding="UTF-8"?>
<!-- Generated by org.testng.reporters.JUnitXMLReporter -->
<testsuite hostname="OZBEKs-iMac.home" ignored="0" name="Login tests using chrome" tests="2" failures="0" timestamp="10 Dec 2018 05:34:51 GMT" time="10.782" errors="0">
  <testcase name="positiveloginTest" time="1.215" classname="com.curahealthecareTestNG.Tests.login.LoginTests"/>
  <testcase name="invalidUsernameTest" time="0.729" classname="com.curahealthecareTestNG.Tests.login.LoginTests"/>
</testsuite> <!-- Login tests using chrome -->
