<?xml version="1.0" encoding="UTF-8"?>
<!-- Generated by org.testng.reporters.JUnitXMLReporter -->
<testsuite hostname="OZBEKs-iMac.home" ignored="0" name="Login tests using chrome" tests="2" failures="0" timestamp="10 Dec 2018 05:08:46 GMT" time="6.411" errors="0">
  <testcase name="positiveloginTest" time="0.891" classname="com.curahealthecareTestNG.Tests.login.LoginTests"/>
  <testcase name="invalidUsernameTest" time="0.712" classname="com.curahealthecareTestNG.Tests.login.LoginTests"/>
</testsuite> <!-- Login tests using chrome -->
