<?xml version="1.0" encoding="UTF-8"?>
<!-- Generated by org.testng.reporters.JUnitXMLReporter -->
<testsuite hostname="OZBEKs-iMac.home" ignored="0" name="Login tests using Firefox" tests="2" failures="0" timestamp="10 Dec 2018 05:09:04 GMT" time="17.391" errors="0">
  <testcase name="positiveloginTest" time="0.789" classname="com.curahealthecareTestNG.Tests.login.LoginTests"/>
  <testcase name="invalidUsernameTest" time="0.64" classname="com.curahealthecareTestNG.Tests.login.LoginTests"/>
</testsuite> <!-- Login tests using Firefox -->
