<?xml version="1.0" encoding="UTF-8"?>
<testng-results skipped="0" failed="0" ignored="0" total="4" passed="4">
  <reporter-output>
  </reporter-output>
  <suite name="Cura Healthcare Tests" duration-ms="28399" started-at="2018-12-10T05:34:40Z" finished-at="2018-12-10T05:35:08Z">
    <groups>
    </groups>
    <test name="Login tests using chrome" duration-ms="10782" started-at="2018-12-10T05:34:40Z" finished-at="2018-12-10T05:34:51Z">
      <class name="com.curahealthecareTestNG.Tests.login.LoginTests">
        <test-method status="PASS" signature="setUpTest()[pri:0, instance:com.curahealthecareTestNG.Tests.login.LoginTests@77cd7a0]" name="setUpTest" is-config="true" duration-ms="227" started-at="2018-12-10T05:34:40Z" finished-at="2018-12-10T05:34:40Z">
          <reporter-output>
          </reporter-output>
        </test-method> <!-- setUpTest -->
        <test-method status="PASS" signature="setUp(java.lang.String)[pri:0, instance:com.curahealthecareTestNG.Tests.login.LoginTests@77cd7a0]" name="setUp" is-config="true" duration-ms="6665" started-at="2018-12-10T05:34:40Z" finished-at="2018-12-10T05:34:47Z">
          <params>
            <param index="0">
              <value>
                <![CDATA[chrome]]>
              </value>
            </param>
          </params>
          <reporter-output>
          </reporter-output>
        </test-method> <!-- setUp -->
        <test-method status="PASS" signature="positiveloginTest()[pri:0, instance:com.curahealthecareTestNG.Tests.login.LoginTests@77cd7a0]" name="positiveloginTest" duration-ms="1215" started-at="2018-12-10T05:34:47Z" finished-at="2018-12-10T05:34:48Z">
          <reporter-output>
          </reporter-output>
        </test-method> <!-- positiveloginTest -->
        <test-method status="PASS" signature="tearDown(org.testng.ITestResult)[pri:0, instance:com.curahealthecareTestNG.Tests.login.LoginTests@77cd7a0]" name="tearDown" is-config="true" duration-ms="76" started-at="2018-12-10T05:34:48Z" finished-at="2018-12-10T05:34:48Z">
          <params>
            <param index="0">
              <value>
                <![CDATA[[TestResult name=positiveloginTest status=SUCCESS method=LoginTests.positiveloginTest()[pri:0, instance:com.curahealthecareTestNG.Tests.login.LoginTests@77cd7a0] output={null}]]]>
              </value>
            </param>
          </params>
          <reporter-output>
          </reporter-output>
        </test-method> <!-- tearDown -->
        <test-method status="PASS" signature="setUp(java.lang.String)[pri:0, instance:com.curahealthecareTestNG.Tests.login.LoginTests@77cd7a0]" name="setUp" is-config="true" duration-ms="1516" started-at="2018-12-10T05:34:48Z" finished-at="2018-12-10T05:34:50Z">
          <params>
            <param index="0">
              <value>
                <![CDATA[chrome]]>
              </value>
            </param>
          </params>
          <reporter-output>
          </reporter-output>
        </test-method> <!-- setUp -->
        <test-method status="PASS" signature="invalidUsernameTest()[pri:1, instance:com.curahealthecareTestNG.Tests.login.LoginTests@77cd7a0]" name="invalidUsernameTest" duration-ms="729" started-at="2018-12-10T05:34:50Z" finished-at="2018-12-10T05:34:50Z">
          <reporter-output>
          </reporter-output>
        </test-method> <!-- invalidUsernameTest -->
        <test-method status="PASS" signature="tearDown(org.testng.ITestResult)[pri:0, instance:com.curahealthecareTestNG.Tests.login.LoginTests@77cd7a0]" name="tearDown" is-config="true" duration-ms="97" started-at="2018-12-10T05:34:50Z" finished-at="2018-12-10T05:34:51Z">
          <params>
            <param index="0">
              <value>
                <![CDATA[[TestResult name=invalidUsernameTest status=SUCCESS method=LoginTests.invalidUsernameTest()[pri:1, instance:com.curahealthecareTestNG.Tests.login.LoginTests@77cd7a0] output={null}]]]>
              </value>
            </param>
          </params>
          <reporter-output>
          </reporter-output>
        </test-method> <!-- tearDown -->
        <test-method status="PASS" signature="tearDownTest(java.lang.String)[pri:0, instance:com.curahealthecareTestNG.Tests.login.LoginTests@77cd7a0]" name="tearDownTest" is-config="true" duration-ms="239" started-at="2018-12-10T05:34:51Z" finished-at="2018-12-10T05:34:51Z">
          <params>
            <param index="0">
              <value>
                <![CDATA[chrome]]>
              </value>
            </param>
          </params>
          <reporter-output>
          </reporter-output>
        </test-method> <!-- tearDownTest -->
      </class> <!-- com.curahealthecareTestNG.Tests.login.LoginTests -->
    </test> <!-- Login tests using chrome -->
    <test name="Login tests using Firefox" duration-ms="17604" started-at="2018-12-10T05:34:51Z" finished-at="2018-12-10T05:35:08Z">
      <class name="com.curahealthecareTestNG.Tests.login.LoginTests">
        <test-method status="PASS" signature="setUpTest()[pri:0, instance:com.curahealthecareTestNG.Tests.login.LoginTests@490ab905]" name="setUpTest" is-config="true" duration-ms="1" started-at="2018-12-10T05:34:51Z" finished-at="2018-12-10T05:34:51Z">
          <reporter-output>
          </reporter-output>
        </test-method> <!-- setUpTest -->
        <test-method status="PASS" signature="setUp(java.lang.String)[pri:0, instance:com.curahealthecareTestNG.Tests.login.LoginTests@490ab905]" name="setUp" is-config="true" duration-ms="9355" started-at="2018-12-10T05:34:51Z" finished-at="2018-12-10T05:35:00Z">
          <params>
            <param index="0">
              <value>
                <![CDATA[firefox]]>
              </value>
            </param>
          </params>
          <reporter-output>
          </reporter-output>
        </test-method> <!-- setUp -->
        <test-method status="PASS" signature="positiveloginTest()[pri:0, instance:com.curahealthecareTestNG.Tests.login.LoginTests@490ab905]" name="positiveloginTest" duration-ms="685" started-at="2018-12-10T05:35:00Z" finished-at="2018-12-10T05:35:01Z">
          <reporter-output>
          </reporter-output>
        </test-method> <!-- positiveloginTest -->
        <test-method status="PASS" signature="tearDown(org.testng.ITestResult)[pri:0, instance:com.curahealthecareTestNG.Tests.login.LoginTests@490ab905]" name="tearDown" is-config="true" duration-ms="657" started-at="2018-12-10T05:35:01Z" finished-at="2018-12-10T05:35:01Z">
          <params>
            <param index="0">
              <value>
                <![CDATA[[TestResult name=positiveloginTest status=SUCCESS method=LoginTests.positiveloginTest()[pri:0, instance:com.curahealthecareTestNG.Tests.login.LoginTests@490ab905] output={null}]]]>
              </value>
            </param>
          </params>
          <reporter-output>
          </reporter-output>
        </test-method> <!-- tearDown -->
        <test-method status="PASS" signature="setUp(java.lang.String)[pri:0, instance:com.curahealthecareTestNG.Tests.login.LoginTests@490ab905]" name="setUp" is-config="true" duration-ms="5639" started-at="2018-12-10T05:35:01Z" finished-at="2018-12-10T05:35:07Z">
          <params>
            <param index="0">
              <value>
                <![CDATA[firefox]]>
              </value>
            </param>
          </params>
          <reporter-output>
          </reporter-output>
        </test-method> <!-- setUp -->
        <test-method status="PASS" signature="invalidUsernameTest()[pri:1, instance:com.curahealthecareTestNG.Tests.login.LoginTests@490ab905]" name="invalidUsernameTest" duration-ms="651" started-at="2018-12-10T05:35:07Z" finished-at="2018-12-10T05:35:08Z">
          <reporter-output>
          </reporter-output>
        </test-method> <!-- invalidUsernameTest -->
        <test-method status="PASS" signature="tearDown(org.testng.ITestResult)[pri:0, instance:com.curahealthecareTestNG.Tests.login.LoginTests@490ab905]" name="tearDown" is-config="true" duration-ms="561" started-at="2018-12-10T05:35:08Z" finished-at="2018-12-10T05:35:08Z">
          <params>
            <param index="0">
              <value>
                <![CDATA[[TestResult name=invalidUsernameTest status=SUCCESS method=LoginTests.invalidUsernameTest()[pri:1, instance:com.curahealthecareTestNG.Tests.login.LoginTests@490ab905] output={null}]]]>
              </value>
            </param>
          </params>
          <reporter-output>
          </reporter-output>
        </test-method> <!-- tearDown -->
        <test-method status="PASS" signature="tearDownTest(java.lang.String)[pri:0, instance:com.curahealthecareTestNG.Tests.login.LoginTests@490ab905]" name="tearDownTest" is-config="true" duration-ms="49" started-at="2018-12-10T05:35:08Z" finished-at="2018-12-10T05:35:08Z">
          <params>
            <param index="0">
              <value>
                <![CDATA[firefox]]>
              </value>
            </param>
          </params>
          <reporter-output>
          </reporter-output>
        </test-method> <!-- tearDownTest -->
      </class> <!-- com.curahealthecareTestNG.Tests.login.LoginTests -->
    </test> <!-- Login tests using Firefox -->
  </suite> <!-- Cura Healthcare Tests -->
</testng-results>
